
Sep. 07, 2024 3:05:06 PM com.example.DAO <init>
INFORMATION: Database connection established.
Sep. 07, 2024 3:05:12 PM com.example.DAO isQuestionStored
INFORMATION: Question hallo? exists: false
Sep. 07, 2024 3:05:12 PM com.example.DAO addQuestion
INFORMATION: Question with answers added successfully: hallo? test
Sep. 07, 2024 3:05:15 PM com.example.DAO getAnswersForQuestionText
INFORMATION: Fetched 1 answers for question: hallo?
Sep. 07, 2024 3:05:29 PM com.example.DAO getAnswersForQuestionText
INFORMATION: Fetched 2 answers for question: What is the capital of France?
Sep. 07, 2024 3:05:38 PM com.example.DAO isQuestionStored
INFORMATION: Question hallo? exists: true
Sep. 07, 2024 3:23:13 PM com.example.DAO <init>
INFORMATION: Database connection established.
Sep. 07, 2024 3:23:13 PM com.example.DAO <init>
INFORMATION: Database connection established.
Sep. 07, 2024 3:23:21 PM com.example.DAO getAnswersForQuestionText
INFORMATION: Fetched 2 answers for question: What is the capital of France?
Sep. 07, 2024 3:23:24 PM com.example.DAO getAnswersForQuestionText
INFORMATION: Fetched 0 answers for question: hallo?
Sep. 07, 2024 3:23:35 PM com.example.DAO isQuestionStored
INFORMATION: Question hallo? exists: false
Sep. 07, 2024 3:23:35 PM com.example.DAO addQuestion
INFORMATION: Question with answers added successfully: hallo? it, it
Sep. 07, 2024 3:23:39 PM com.example.DAO getAnswersForQuestionText
INFORMATION: Fetched 2 answers for question: hallo?
Sep. 07, 2024 3:23:44 PM com.example.DAO isQuestionStored
INFORMATION: Question What is the capital of France? exists: true
Sep. 07, 2024 3:23:57 PM com.example.DAO isQuestionStored
INFORMATION: Question hallo? exists: true
Sep. 07, 2024 3:24:15 PM com.example.DAO isQuestionStored
INFORMATION: Question hallow? exists: false
Sep. 07, 2024 3:55:43 PM com.example.DAO isQuestionStored
INFORMATION: Question What is the meaning of life? exists: false
Sep. 07, 2024 3:55:43 PM com.example.DAO addQuestion
INFORMATION: Question with answers added successfully: What is the meaning of life? 42, To live, To love
Sep. 07, 2024 3:55:43 PM com.example.DAO getAnswersForQuestionText
INFORMATION: Fetched 3 answers for question: What is the meaning of life?
Sep. 07, 2024 3:55:59 PM com.example.DAO isQuestionStored
INFORMATION: Question What is the meaning of life? exists: false
Sep. 07, 2024 3:55:59 PM com.example.DAO addQuestion
INFORMATION: Question with answers added successfully: What is the meaning of life? 42, To live, To love
Sep. 07, 2024 3:55:59 PM com.example.DAO getAnswersForQuestionText
INFORMATION: Fetched 3 answers for question: What is the meaning of life?
Sep. 07, 2024 3:56:22 PM com.example.DAO isQuestionStored
INFORMATION: Question What is the meaning of life? exists: false
Sep. 07, 2024 3:56:22 PM com.example.DAO addQuestion
INFORMATION: Question with answers added successfully: What is the meaning of life? 42, To live, To love
Sep. 07, 2024 3:56:22 PM com.example.DAO getAnswersForQuestionText
INFORMATION: Fetched 3 answers for question: What is the meaning of life?
Sep. 07, 2024 3:56:30 PM com.example.DAO <init>
SCHWERWIEGEND: Failed to establish database connection.
org.h2.jdbc.JdbcSQLNonTransientConnectionException: Datenbank wird wahrscheinlich bereits benutzt: "C:/Users/jonas/Desktop/TU_Wien/JavaCodeChallenege/JavaCodeChallange/data/databank.mv.db". Mögliche Lösungen: alle Verbindungen schliessen; Server Modus verwenden
Database may be already in use: "C:/Users/jonas/Desktop/TU_Wien/JavaCodeChallenege/JavaCodeChallange/data/databank.mv.db". Possible solutions: close all other connection(s); use the server mode [90020-232]
	at org.h2.message.DbException.getJdbcSQLException(DbException.java:690)
	at org.h2.message.DbException.getJdbcSQLException(DbException.java:489)
	at org.h2.message.DbException.get(DbException.java:212)
	at org.h2.mvstore.db.Store.convertMVStoreException(Store.java:165)
	at org.h2.mvstore.db.Store.<init>(Store.java:142)
	at org.h2.engine.Database.<init>(Database.java:326)
	at org.h2.engine.Engine.openSession(Engine.java:92)
	at org.h2.engine.Engine.openSession(Engine.java:222)
	at org.h2.engine.Engine.createSession(Engine.java:201)
	at org.h2.engine.SessionRemote.connectEmbeddedOrServer(SessionRemote.java:344)
	at org.h2.jdbc.JdbcConnection.<init>(JdbcConnection.java:124)
	at org.h2.Driver.connect(Driver.java:59)
	at java.sql/java.sql.DriverManager.getConnection(DriverManager.java:681)
	at java.sql/java.sql.DriverManager.getConnection(DriverManager.java:229)
	at com.example.DAO.<init>(DAO.java:30)
	at com.example.AppService.<init>(AppService.java:24)
	at com.example.Main.main(Main.java:21)
Caused by: org.h2.mvstore.MVStoreException: The file is locked: C:/Users/jonas/Desktop/TU_Wien/JavaCodeChallenege/JavaCodeChallange/data/databank.mv.db [2.3.232/7]
	at org.h2.mvstore.DataUtils.newMVStoreException(DataUtils.java:996)
	at org.h2.mvstore.SingleFileStore.lockFileChannel(SingleFileStore.java:143)
	at org.h2.mvstore.SingleFileStore.open(SingleFileStore.java:117)
	at org.h2.mvstore.SingleFileStore.open(SingleFileStore.java:81)
	at org.h2.mvstore.MVStore.<init>(MVStore.java:286)
	at org.h2.mvstore.MVStore$Builder.open(MVStore.java:2035)
	at org.h2.mvstore.db.Store.<init>(Store.java:133)
	... 12 more

Sep. 07, 2024 3:56:36 PM com.example.DAO <init>
INFORMATION: Database connection established.
Sep. 07, 2024 3:56:52 PM com.example.DAO isQuestionStored
INFORMATION: Question test? exists: false
Sep. 07, 2024 3:56:52 PM com.example.DAO addQuestion
INFORMATION: Question with answers added successfully: test? test
Sep. 07, 2024 3:57:11 PM com.example.DAO isQuestionStored
INFORMATION: Question What is the meaning of life? exists: false
Sep. 07, 2024 3:57:11 PM com.example.DAO addQuestion
INFORMATION: Question with answers added successfully: What is the meaning of life? 42, To live, To love
Sep. 07, 2024 3:57:11 PM com.example.DAO getAnswersForQuestionText
INFORMATION: Fetched 3 answers for question: What is the meaning of life?
Sep. 07, 2024 4:00:03 PM com.example.DAO getAnswersForQuestionText
INFORMATION: Fetched 0 answers for question: What is the meaning of life?
Sep. 07, 2024 4:00:11 PM com.example.DAO getAnswersForQuestionText
INFORMATION: Fetched 0 answers for question: What is the meaning of life?
Sep. 07, 2024 4:00:25 PM com.example.DAO getAnswersForQuestionText
INFORMATION: Fetched 0 answers for question: What is the meaning of life?
Sep. 07, 2024 4:10:29 PM com.example.DAO isQuestionStored
INFORMATION: Question What is the capital of France? exists: true
Sep. 07, 2024 4:11:08 PM com.example.DAO isQuestionStored
INFORMATION: Question What is the capital of France? exists: true
Sep. 07, 2024 4:11:25 PM com.example.DAO isQuestionStored
INFORMATION: Question What is the capital of France? exists: true
Sep. 07, 2024 4:11:25 PM com.example.DAO isQuestionStored
INFORMATION: Question What is the meaning of life? exists: false
Sep. 07, 2024 4:11:25 PM com.example.DAO addQuestion
INFORMATION: Question with answers added successfully: What is the meaning of life? test1, test2, test3
Sep. 07, 2024 4:11:25 PM com.example.DAO getAnswersForQuestionText
INFORMATION: Fetched 3 answers for question: What is the meaning of life?
Sep. 07, 2024 4:11:25 PM com.example.DAO getAnswersForQuestionText
INFORMATION: Fetched 0 answers for question: What is the meaning of life?
Sep. 07, 2024 4:15:11 PM com.example.DAO getAnswersForQuestionText
INFORMATION: Fetched 2 answers for question: What is the capital of France?
Sep. 07, 2024 4:17:48 PM com.example.DAO getAnswersForQuestionText
INFORMATION: Fetched 2 answers for question: What is the capital of France?
Sep. 07, 2024 4:18:05 PM com.example.DAO getAnswersForQuestionText
INFORMATION: Fetched 2 answers for question: What is the capital of France?
Sep. 07, 2024 4:18:41 PM com.example.DAO getAnswersForQuestionText
INFORMATION: Fetched 2 answers for question: What is the capital of France?
Sep. 07, 2024 4:19:24 PM com.example.DAO getAnswersForQuestionText
INFORMATION: Fetched 2 answers for question: What is the capital of France?
Sep. 07, 2024 4:20:02 PM com.example.DAO getAnswersForQuestionText
INFORMATION: Fetched 2 answers for question: What is the capital of France?
Sep. 07, 2024 4:20:29 PM com.example.DAO getAnswersForQuestionText
INFORMATION: Fetched 2 answers for question: What is the capital of France?
Sep. 07, 2024 4:22:12 PM com.example.DAO getAnswersForQuestionText
INFORMATION: Fetched 2 answers for question: What is the capital of France?
Sep. 07, 2024 4:22:19 PM com.example.DAO getAnswersForQuestionText
INFORMATION: Fetched 2 answers for question: What is the capital of France?
Sep. 07, 2024 4:22:27 PM com.example.DAO getAnswersForQuestionText
INFORMATION: Fetched 2 answers for question: What is the capital of France?
Sep. 07, 2024 4:22:34 PM com.example.DAO getAnswersForQuestionText
INFORMATION: Fetched 2 answers for question: What is the capital of France?
Sep. 07, 2024 4:23:07 PM com.example.DAO isQuestionStored
INFORMATION: Question What is the capital of France? exists: true
Sep. 07, 2024 4:23:07 PM com.example.DAO isQuestionStored
INFORMATION: Question What is the meaning of life? exists: false
Sep. 07, 2024 4:23:07 PM com.example.DAO addQuestion
INFORMATION: Question with answers added successfully: What is the meaning of life? test1, test2, test3
Sep. 07, 2024 4:23:07 PM com.example.DAO getAnswersForQuestionText
INFORMATION: Fetched 3 answers for question: What is the meaning of life?
Sep. 07, 2024 4:23:07 PM com.example.DAO getAnswersForQuestionText
INFORMATION: Fetched 2 answers for question: What is the capital of France?
Sep. 07, 2024 4:23:07 PM com.example.DAO getAnswersForQuestionText
INFORMATION: Fetched 0 answers for question: What is the meaning of life?
Sep. 07, 2024 4:30:18 PM com.example.DAO getAnswersForQuestionText
INFORMATION: Fetched 2 answers for question: What is the capital of France?
Sep. 07, 2024 4:30:36 PM com.example.DAO getAnswersForQuestionText
INFORMATION: Fetched 2 answers for question: What is the capital of France?
Sep. 07, 2024 4:31:14 PM com.example.DAO getAnswersForQuestionText
INFORMATION: Fetched 2 answers for question: What is the capital of France?
Sep. 07, 2024 4:31:37 PM com.example.DAO getAnswersForQuestionText
INFORMATION: Fetched 2 answers for question: What is the capital of France?
Sep. 07, 2024 4:32:28 PM com.example.DAO getAnswersForQuestionText
INFORMATION: Fetched 2 answers for question: What is the capital of France?
Sep. 07, 2024 4:35:01 PM com.example.DAO getAnswersForQuestionText
INFORMATION: Fetched 2 answers for question: What is the capital of France?
Sep. 07, 2024 4:35:16 PM com.example.DAO getAnswersForQuestionText
INFORMATION: Fetched 2 answers for question: What is the capital of France?
Sep. 07, 2024 4:35:28 PM com.example.DAO getAnswersForQuestionText
INFORMATION: Fetched 2 answers for question: What is the capital of France?
Sep. 07, 2024 4:36:02 PM com.example.DAO getAnswersForQuestionText
INFORMATION: Fetched 2 answers for question: What is the capital of France?
Sep. 07, 2024 4:36:11 PM com.example.DAO <init>
INFORMATION: Database connection established.
Sep. 07, 2024 4:36:14 PM com.example.DAO getAnswersForQuestionText
INFORMATION: Fetched 0 answers for question: test?
Sep. 07, 2024 4:36:20 PM com.example.DAO getAnswersForQuestionText
INFORMATION: Fetched 0 answers for question: hallo?
Sep. 07, 2024 4:36:29 PM com.example.DAO getAnswersForQuestionText
INFORMATION: Fetched 2 answers for question: What is the capital of France?
Sep. 07, 2024 4:39:29 PM com.example.DAO isQuestionStored
INFORMATION: Question What is the capital of France? exists: true
Sep. 07, 2024 4:39:29 PM com.example.DAO isQuestionStored
INFORMATION: Question What is the meaning of life? exists: false
Sep. 07, 2024 4:39:29 PM com.example.DAO addQuestion
INFORMATION: Question with answers added successfully: What is the meaning of life? test1, test2, test3
Sep. 07, 2024 4:39:29 PM com.example.DAO getAnswersForQuestionText
INFORMATION: Fetched 3 answers for question: What is the meaning of life?
Sep. 07, 2024 4:39:29 PM com.example.DAO getAnswersForQuestionText
INFORMATION: Fetched 2 answers for question: What is the capital of France?
Sep. 07, 2024 4:39:29 PM com.example.DAO getAnswersForQuestionText
INFORMATION: Fetched 0 answers for question: What is the meaning of life?
Sep. 07, 2024 4:40:57 PM com.example.DAO getAnswersForQuestionText
INFORMATION: Fetched 0 answers for question: What is the meaning of life
Sep. 07, 2024 4:42:09 PM com.example.DAO isQuestionStored
INFORMATION: Question What is the capital of France? exists: true
Sep. 07, 2024 4:42:09 PM com.example.DAO isQuestionStored
INFORMATION: Question What is the meaning of life? exists: false
Sep. 07, 2024 4:42:09 PM com.example.DAO addQuestion
INFORMATION: Question with answers added successfully: What is the meaning of life? test1, test2, test3
Sep. 07, 2024 4:42:09 PM com.example.DAO getAnswersForQuestionText
INFORMATION: Fetched 3 answers for question: What is the meaning of life?
Sep. 07, 2024 4:42:09 PM com.example.DAO getAnswersForQuestionText
INFORMATION: Fetched 2 answers for question: What is the capital of France?
Sep. 07, 2024 4:42:09 PM com.example.DAO getAnswersForQuestionText
INFORMATION: Fetched 0 answers for question: What is the meaning of life?
Sep. 07, 2024 4:45:03 PM com.example.DAO isQuestionStored
INFORMATION: Question What is the capital of France? exists: true
Sep. 07, 2024 4:45:24 PM com.example.DAO isQuestionStored
INFORMATION: Question What is the capital of England? exists: false
Sep. 07, 2024 4:45:54 PM com.example.DAO isQuestionStored
INFORMATION: Question What is the capital of England? exists: false
Sep. 07, 2024 4:46:21 PM com.example.DAO isQuestionStored
INFORMATION: Question What is the capital of England? exists: false
Sep. 07, 2024 4:46:35 PM com.example.DAO isQuestionStored
INFORMATION: Question What is the capital of England? exists: false
Sep. 07, 2024 4:46:43 PM com.example.DAO isQuestionStored
INFORMATION: Question What is the capital of England? exists: false
Sep. 07, 2024 4:46:57 PM com.example.DAO isQuestionStored
INFORMATION: Question What is the meaning of life? exists: false
Sep. 07, 2024 4:46:57 PM com.example.DAO addQuestion
INFORMATION: Question with answers added successfully: What is the meaning of life? test1, test2, test3
Sep. 07, 2024 4:46:57 PM com.example.DAO getAnswersForQuestionText
INFORMATION: Fetched 3 answers for question: What is the meaning of life?
Sep. 07, 2024 4:46:57 PM com.example.DAO getAnswersForQuestionText
INFORMATION: Fetched 2 answers for question: What is the capital of France?
Sep. 07, 2024 4:46:57 PM com.example.DAO isQuestionStored
INFORMATION: Question What is the capital of England? exists: false
Sep. 07, 2024 4:46:57 PM com.example.DAO isQuestionStored
INFORMATION: Question What is the capital of France? exists: true
Sep. 07, 2024 4:46:57 PM com.example.DAO isQuestionStored
INFORMATION: Question What is the capital of England? exists: false
Sep. 07, 2024 4:46:57 PM com.example.DAO getAnswersForQuestionText
INFORMATION: Fetched 0 answers for question: What is the meaning of life?
Sep. 07, 2024 4:50:20 PM com.example.DAO isQuestionStored
INFORMATION: Question THIS STRING IS 256 CHARACTERS xxxxxxxxxxxxxxxxxxxxxxxxxxxxxxxxxxxxxxxxxxxxxxxxxxxxxxxxxxxxxxxxxxxxxxxxxxxxxxxxxxxxxxxxxxxxxxxxxxxxxxxxxxxxxxxxxxxxxxxxxxxxxxxxxxxxxxxxxxxxxxxxxxxxxxxxxxxxxxxxxxxxxxxxxxxxxxxxxxxxxxxxxxxxxxxxxxxxxxxxxxxxxxxxxxxxxxxxxxxxxxxx? exists: false
Sep. 07, 2024 4:50:20 PM com.example.DAO addQuestion
INFORMATION: Question with answers added successfully: THIS STRING IS 256 CHARACTERS xxxxxxxxxxxxxxxxxxxxxxxxxxxxxxxxxxxxxxxxxxxxxxxxxxxxxxxxxxxxxxxxxxxxxxxxxxxxxxxxxxxxxxxxxxxxxxxxxxxxxxxxxxxxxxxxxxxxxxxxxxxxxxxxxxxxxxxxxxxxxxxxxxxxxxxxxxxxxxxxxxxxxxxxxxxxxxxxxxxxxxxxxxxxxxxxxxxxxxxxxxxxxxxxxxxxxxxxxxxxxxxx? test1
Sep. 07, 2024 4:50:33 PM com.example.DAO isQuestionStored
INFORMATION: Question THIS STRING IS 256 CHARACTERS xxxxxxxxxxxxxxxxxxxxxxxxxxxxxxxxxxxxxxxxxxxxxxxxxxxxxxxxxxxxxxxxxxxxxxxxxxxxxxxxxxxxxxxxxxxxxxxxxxxxxxxxxxxxxxxxxxxxxxxxxxxxxxxxxxxxxxxxxxxxxxxxxxxxxxxxxxxxxxxxxxxxxxxxxxxxxxxxxxxxxxxxxxxxxxxxxxxxxxxxxxxxxxxxxxxxxxxxxxxxxxxxx? exists: false
Sep. 07, 2024 4:50:49 PM com.example.DAO isQuestionStored
INFORMATION: Question THIS STRING IS 256 CHARACTERS xxxxxxxxxxxxxxxxxxxxxxxxxxxxxxxxxxxxxxxxxxxxxxxxxxxxxxxxxxxxxxxxxxxxxxxxxxxxxxxxxxxxxxxxxxxxxxxxxxxxxxxxxxxxxxxxxxxxxxxxxxxxxxxxxxxxxxxxxxxxxxxxxxxxxxxxxxxxxxxxxxxxxxxxxxxxxxxxxxxxxxxxxxxxxxxxxxxxxxxxxxxxxxxxxxxxxxxxxxxxxxxxx? exists: false
Sep. 07, 2024 4:52:39 PM com.example.DAO isQuestionStored
INFORMATION: Question A question? exists: false
Sep. 07, 2024 4:52:39 PM com.example.DAO addQuestion
INFORMATION: Question with answers added successfully: A question? THIS STRING IS 256 CHARACTERS xxxxxxxxxxxxxxxxxxxxxxxxxxxxxxxxxxxxxxxxxxxxxxxxxxxxxxxxxxxxxxxxxxxxxxxxxxxxxxxxxxxxxxxxxxxxxxxxxxxxxxxxxxxxxxxxxxxxxxxxxxxxxxxxxxxxxxxxxxxxxxxxxxxxxxxxxxxxxxxxxxxxxxxxxxxxxxxxxxxxxxxxxxxxxxxxxxxxxxxxxxxxxxxxxxxxxxxxxxxxxxxxx
Sep. 07, 2024 4:52:50 PM com.example.DAO isQuestionStored
INFORMATION: Question A question? exists: false
Sep. 07, 2024 4:53:43 PM com.example.DAO isQuestionStored
INFORMATION: Question A question? exists: false
Sep. 07, 2024 4:54:32 PM com.example.DAO isQuestionStored
INFORMATION: Question A question? exists: false
Sep. 07, 2024 4:54:32 PM com.example.DAO isQuestionStored
INFORMATION: Question What is the meaning of life? exists: false
Sep. 07, 2024 4:54:32 PM com.example.DAO addQuestion
INFORMATION: Question with answers added successfully: What is the meaning of life? test1, test2, test3
Sep. 07, 2024 4:54:32 PM com.example.DAO getAnswersForQuestionText
INFORMATION: Fetched 3 answers for question: What is the meaning of life?
Sep. 07, 2024 4:54:32 PM com.example.DAO getAnswersForQuestionText
INFORMATION: Fetched 2 answers for question: What is the capital of France?
Sep. 07, 2024 4:54:32 PM com.example.DAO isQuestionStored
INFORMATION: Question What is the capital of England? exists: false
Sep. 07, 2024 4:54:32 PM com.example.DAO isQuestionStored
INFORMATION: Question What is the capital of France? exists: true
Sep. 07, 2024 4:54:32 PM com.example.DAO isQuestionStored
INFORMATION: Question What is the capital of England? exists: false
Sep. 07, 2024 4:54:32 PM com.example.DAO isQuestionStored
INFORMATION: Question THIS STRING IS 256 CHARACTERS xxxxxxxxxxxxxxxxxxxxxxxxxxxxxxxxxxxxxxxxxxxxxxxxxxxxxxxxxxxxxxxxxxxxxxxxxxxxxxxxxxxxxxxxxxxxxxxxxxxxxxxxxxxxxxxxxxxxxxxxxxxxxxxxxxxxxxxxxxxxxxxxxxxxxxxxxxxxxxxxxxxxxxxxxxxxxxxxxxxxxxxxxxxxxxxxxxxxxxxxxxxxxxxxxxxxxxxxxxxxxxxxx? exists: false
Sep. 07, 2024 4:54:32 PM com.example.DAO getAnswersForQuestionText
INFORMATION: Fetched 0 answers for question: What is the meaning of life?
Sep. 07, 2024 4:57:37 PM com.example.DAO isQuestionStored
INFORMATION: Question A question? exists: false
Sep. 07, 2024 4:57:37 PM com.example.DAO isQuestionStored
INFORMATION: Question What is the meaning of life? exists: false
Sep. 07, 2024 4:57:37 PM com.example.DAO addQuestion
INFORMATION: Question with answers added successfully: What is the meaning of life? test1, test2, test3
Sep. 07, 2024 4:57:37 PM com.example.DAO getAnswersForQuestionText
INFORMATION: Fetched 3 answers for question: What is the meaning of life?
Sep. 07, 2024 4:57:37 PM com.example.DAO getAnswersForQuestionText
INFORMATION: Fetched 2 answers for question: What is the capital of France?
Sep. 07, 2024 4:57:37 PM com.example.DAO isQuestionStored
INFORMATION: Question What is the capital of England? exists: false
Sep. 07, 2024 4:57:37 PM com.example.DAO isQuestionStored
INFORMATION: Question What is the capital of France? exists: true
Sep. 07, 2024 4:57:37 PM com.example.DAO isQuestionStored
INFORMATION: Question What is the capital of England? exists: false
Sep. 07, 2024 4:57:37 PM com.example.DAO isQuestionStored
INFORMATION: Question THIS STRING IS 256 CHARACTERS xxxxxxxxxxxxxxxxxxxxxxxxxxxxxxxxxxxxxxxxxxxxxxxxxxxxxxxxxxxxxxxxxxxxxxxxxxxxxxxxxxxxxxxxxxxxxxxxxxxxxxxxxxxxxxxxxxxxxxxxxxxxxxxxxxxxxxxxxxxxxxxxxxxxxxxxxxxxxxxxxxxxxxxxxxxxxxxxxxxxxxxxxxxxxxxxxxxxxxxxxxxxxxxxxxxxxxxxxxxxxxxxx? exists: false
Sep. 07, 2024 4:57:37 PM com.example.DAO getAnswersForQuestionText
INFORMATION: Fetched 0 answers for question: What is the meaning of life?
Sep. 07, 2024 4:58:26 PM com.example.DAO <init>
INFORMATION: Database connection established.
Sep. 07, 2024 4:58:45 PM com.example.DAO isQuestionStored
INFORMATION: Question help? exists: false
Sep. 07, 2024 4:58:45 PM com.example.DAO addQuestion
INFORMATION: Question with answers added successfully: help? test
Sep. 07, 2024 4:58:48 PM com.example.DAO getAnswersForQuestionText
INFORMATION: Fetched 1 answers for question: help?
Sep. 07, 2024 4:58:56 PM com.example.DAO getAnswersForQuestionText
INFORMATION: Fetched 0 answers for question: hallo?
Sep. 07, 2024 4:59:09 PM com.example.DAO isQuestionStored
INFORMATION: Question hallo? exists: false
